2023-02-15 05:49:47,451 Namespace(cfg='configs/cityscapes/pidnet_small_cityscapes.yaml', opts=[], seed=304)
2023-02-15 05:49:47,451 AUTO_RESUME: False
CUDNN:
  BENCHMARK: True
  DETERMINISTIC: False
  ENABLED: True
DATASET:
  DATASET: cityscapes
  EXTRA_TRAIN_SET: 
  NUM_CLASSES: 2
  ROOT: data/
  TEST_SET: list/cityscapes/train.lst
  TRAIN_SET: list/cityscapes/val.lst
GPUS: (0,)
LOG_DIR: log
LOSS:
  BALANCE_WEIGHTS: [0.4, 1.0]
  CLASS_BALANCE: False
  OHEMKEEP: 131072
  OHEMTHRES: 0.9
  SB_WEIGHTS: 1.0
  USE_OHEM: True
MODEL:
  ALIGN_CORNERS: True
  NAME: pidnet_small
  NUM_OUTPUTS: 2
  PRETRAINED: pretrained_models/imagenet/PIDNet_S_ImageNet.pth.tar
OUTPUT_DIR: output
PIN_MEMORY: True
PRINT_FREQ: 10
TEST:
  BASE_SIZE: 1024
  BATCH_SIZE_PER_GPU: 1
  FLIP_TEST: False
  IMAGE_SIZE: [768, 1024]
  MODEL_FILE: 
  MULTI_SCALE: False
  OUTPUT_INDEX: 1
TRAIN:
  BASE_SIZE: 1024
  BATCH_SIZE_PER_GPU: 2
  BEGIN_EPOCH: 0
  END_EPOCH: 15
  EXTRA_EPOCH: 0
  EXTRA_LR: 0.001
  FLIP: True
  IGNORE_LABEL: 255
  IMAGE_SIZE: [768, 1024]
  LR: 0.001
  MOMENTUM: 0.9
  MULTI_SCALE: True
  NESTEROV: False
  OPTIMIZER: sgd
  RESUME: False
  SCALE_FACTOR: 16
  SHUFFLE: True
  WD: 0.0005
WORKERS: 4
2023-02-15 05:49:47,835 Attention!!!
2023-02-15 05:49:47,835 Loaded 302 parameters!
2023-02-15 05:49:47,835 Over!!!
2023-02-15 05:49:54,657 Epoch: [0/15] Iter:[0/195], Time: 5.52, lr: [0.001], Loss: 9.880037, Acc:0.443820, Semantic loss: 4.556081, BCE loss: 0.881602, SB loss: 4.442354
2023-02-15 05:49:56,254 Epoch: [0/15] Iter:[10/195], Time: 0.65, lr: [0.000996922550292799], Loss: 6.618070, Acc:0.474621, Semantic loss: 3.771246, BCE loss: 0.471311, SB loss: 2.375513
2023-02-15 05:49:57,859 Epoch: [0/15] Iter:[20/195], Time: 0.42, lr: [0.000993844044673429], Loss: 4.006935, Acc:0.511014, Semantic loss: 2.285843, BCE loss: 0.405053, SB loss: 1.316039
2023-02-15 05:49:59,468 Epoch: [0/15] Iter:[30/195], Time: 0.33, lr: [0.0009907644791428958], Loss: 2.925862, Acc:0.550678, Semantic loss: 1.653683, BCE loss: 0.377191, SB loss: 0.894989
2023-02-15 05:50:01,065 Epoch: [0/15] Iter:[40/195], Time: 0.29, lr: [0.0009876838496731912], Loss: 2.289616, Acc:0.568362, Semantic loss: 1.266256, BCE loss: 0.343895, SB loss: 0.679465
2023-02-15 05:50:02,691 Epoch: [0/15] Iter:[50/195], Time: 0.27, lr: [0.000984602152206982], Loss: 1.889128, Acc:0.583701, Semantic loss: 1.019958, BCE loss: 0.322773, SB loss: 0.546397
2023-02-15 05:50:04,419 Epoch: [0/15] Iter:[60/195], Time: 0.25, lr: [0.0009815193826572938], Loss: 1.615767, Acc:0.584117, Semantic loss: 0.854368, BCE loss: 0.303957, SB loss: 0.457441
2023-02-15 05:50:06,083 Epoch: [0/15] Iter:[70/195], Time: 0.24, lr: [0.0009784355369071894], Loss: 1.412852, Acc:0.579870, Semantic loss: 0.734464, BCE loss: 0.285333, SB loss: 0.393055
2023-02-15 05:50:07,981 Epoch: [0/15] Iter:[80/195], Time: 0.23, lr: [0.0009753506108094443], Loss: 1.290068, Acc:0.576758, Semantic loss: 0.668049, BCE loss: 0.273415, SB loss: 0.348604
2023-02-15 05:50:10,144 Epoch: [0/15] Iter:[90/195], Time: 0.23, lr: [0.0009722646001862159], Loss: 1.168573, Acc:0.570703, Semantic loss: 0.596458, BCE loss: 0.261506, SB loss: 0.310610
2023-02-15 05:50:12,235 Epoch: [0/15] Iter:[100/195], Time: 0.23, lr: [0.0009691775008287091], Loss: 1.073146, Acc:0.578981, Semantic loss: 0.540221, BCE loss: 0.252525, SB loss: 0.280400
2023-02-15 05:50:14,961 Epoch: [0/15] Iter:[110/195], Time: 0.23, lr: [0.0009660893084968367], Loss: 0.995896, Acc:0.582425, Semantic loss: 0.492913, BCE loss: 0.247625, SB loss: 0.255359
2023-02-15 05:50:17,095 Epoch: [0/15] Iter:[120/195], Time: 0.23, lr: [0.0009630000189188743], Loss: 0.933093, Acc:0.587542, Semantic loss: 0.452957, BCE loss: 0.245588, SB loss: 0.234548
2023-02-15 05:50:19,454 Epoch: [0/15] Iter:[130/195], Time: 0.23, lr: [0.0009599096277911103], Loss: 0.874205, Acc:0.591501, Semantic loss: 0.418666, BCE loss: 0.238868, SB loss: 0.216671
2023-02-15 05:50:21,604 Epoch: [0/15] Iter:[140/195], Time: 0.23, lr: [0.0009568181307774925], Loss: 0.819612, Acc:0.591969, Semantic loss: 0.389158, BCE loss: 0.229139, SB loss: 0.201314
2023-02-15 05:50:23,755 Epoch: [0/15] Iter:[150/195], Time: 0.23, lr: [0.0009537255235092663], Loss: 0.774665, Acc:0.588123, Semantic loss: 0.363541, BCE loss: 0.223135, SB loss: 0.187990
2023-02-15 05:50:25,865 Epoch: [0/15] Iter:[160/195], Time: 0.23, lr: [0.0009506318015846105], Loss: 0.732904, Acc:0.587975, Semantic loss: 0.341129, BCE loss: 0.215454, SB loss: 0.176321
2023-02-15 05:50:28,483 Epoch: [0/15] Iter:[170/195], Time: 0.23, lr: [0.0009475369605682659], Loss: 0.696405, Acc:0.585291, Semantic loss: 0.321342, BCE loss: 0.209050, SB loss: 0.166013
2023-02-15 05:50:30,825 Epoch: [0/15] Iter:[180/195], Time: 0.23, lr: [0.0009444409959911591], Loss: 0.663028, Acc:0.585018, Semantic loss: 0.303656, BCE loss: 0.202524, SB loss: 0.156849
2023-02-15 05:50:32,771 Epoch: [0/15] Iter:[190/195], Time: 0.23, lr: [0.0009413439033500207], Loss: 0.632451, Acc:0.586198, Semantic loss: 0.287829, BCE loss: 0.195944, SB loss: 0.148677
2023-02-15 05:51:31,625 0 [0.         0.99852736] 0.4992636783058294
2023-02-15 05:51:31,626 1 [0. 1.] 0.5
2023-02-15 05:51:31,630 => saving checkpoint to output/cityscapes/pidnet_small_cityscapescheckpoint.pth.tar
2023-02-15 05:51:31,878 Loss: 0.079, MeanIU:  0.5000, Best_mIoU:  0.5000
2023-02-15 05:51:31,878 [0. 1.]
2023-02-15 05:51:32,576 Epoch: [1/15] Iter:[0/195], Time: 0.70, lr: [0.0009397949325887223], Loss: 0.058646, Acc:0.401131, Semantic loss: 0.000230, BCE loss: 0.058411, SB loss: 0.000006
2023-02-15 05:51:34,262 Epoch: [1/15] Iter:[10/195], Time: 0.22, lr: [0.0009366961393321472], Loss: 0.115508, Acc:0.591082, Semantic loss: 0.001839, BCE loss: 0.113552, SB loss: 0.000116
2023-02-15 05:51:35,953 Epoch: [1/15] Iter:[20/195], Time: 0.19, lr: [0.0009335962066012007], Loss: 0.107144, Acc:0.592598, Semantic loss: 0.001711, BCE loss: 0.105315, SB loss: 0.000118
2023-02-15 05:51:37,595 Epoch: [1/15] Iter:[30/195], Time: 0.18, lr: [0.0009304951297698358], Loss: 0.101114, Acc:0.569233, Semantic loss: 0.001462, BCE loss: 0.099558, SB loss: 0.000094
2023-02-15 05:51:39,170 Epoch: [1/15] Iter:[40/195], Time: 0.18, lr: [0.0009273929041760178], Loss: 0.100446, Acc:0.590422, Semantic loss: 0.001450, BCE loss: 0.098877, SB loss: 0.000118
2023-02-15 05:51:40,814 Epoch: [1/15] Iter:[50/195], Time: 0.17, lr: [0.0009242895251213105], Loss: 0.106744, Acc:0.599001, Semantic loss: 0.001370, BCE loss: 0.105271, SB loss: 0.000102
2023-02-15 05:51:42,445 Epoch: [1/15] Iter:[60/195], Time: 0.17, lr: [0.0009211849878704541], Loss: 0.101633, Acc:0.606213, Semantic loss: 0.001396, BCE loss: 0.100142, SB loss: 0.000095
2023-02-15 05:51:44,176 Epoch: [1/15] Iter:[70/195], Time: 0.17, lr: [0.0009180792876509379], Loss: 0.097380, Acc:0.599846, Semantic loss: 0.001291, BCE loss: 0.095970, SB loss: 0.000119
2023-02-15 05:51:46,235 Epoch: [1/15] Iter:[80/195], Time: 0.18, lr: [0.0009149724196525666], Loss: 0.095281, Acc:0.594759, Semantic loss: 0.001245, BCE loss: 0.093927, SB loss: 0.000109
2023-02-15 05:51:48,355 Epoch: [1/15] Iter:[90/195], Time: 0.18, lr: [0.0009118643790270183], Loss: 0.092321, Acc:0.586374, Semantic loss: 0.001158, BCE loss: 0.091061, SB loss: 0.000103
2023-02-15 05:51:50,717 Epoch: [1/15] Iter:[100/195], Time: 0.19, lr: [0.0009087551608873976], Loss: 0.090210, Acc:0.589883, Semantic loss: 0.001187, BCE loss: 0.088925, SB loss: 0.000098
2023-02-15 05:51:52,791 Epoch: [1/15] Iter:[110/195], Time: 0.19, lr: [0.0009056447603077808], Loss: 0.090132, Acc:0.588987, Semantic loss: 0.001216, BCE loss: 0.088578, SB loss: 0.000338
2023-02-15 05:51:55,096 Epoch: [1/15] Iter:[120/195], Time: 0.19, lr: [0.0009025331723227531], Loss: 0.092427, Acc:0.587534, Semantic loss: 0.001196, BCE loss: 0.090918, SB loss: 0.000313
2023-02-15 05:51:57,152 Epoch: [1/15] Iter:[130/195], Time: 0.19, lr: [0.0008994203919269413], Loss: 0.091927, Acc:0.593608, Semantic loss: 0.001202, BCE loss: 0.090429, SB loss: 0.000297
2023-02-15 05:51:59,227 Epoch: [1/15] Iter:[140/195], Time: 0.19, lr: [0.0008963064140745348], Loss: 0.088966, Acc:0.589890, Semantic loss: 0.001159, BCE loss: 0.087528, SB loss: 0.000278
2023-02-15 05:52:01,309 Epoch: [1/15] Iter:[150/195], Time: 0.19, lr: [0.0008931912336788038], Loss: 0.087463, Acc:0.590393, Semantic loss: 0.001128, BCE loss: 0.086075, SB loss: 0.000261
2023-02-15 05:52:03,835 Epoch: [1/15] Iter:[160/195], Time: 0.20, lr: [0.0008900748456116062], Loss: 0.086407, Acc:0.595024, Semantic loss: 0.001098, BCE loss: 0.085062, SB loss: 0.000248
2023-02-15 05:52:06,410 Epoch: [1/15] Iter:[170/195], Time: 0.20, lr: [0.0008869572447028881], Loss: 0.084439, Acc:0.591558, Semantic loss: 0.001073, BCE loss: 0.083130, SB loss: 0.000236
2023-02-15 05:52:08,198 Epoch: [1/15] Iter:[180/195], Time: 0.20, lr: [0.0008838384257401768], Loss: 0.085830, Acc:0.592977, Semantic loss: 0.001066, BCE loss: 0.084540, SB loss: 0.000224
2023-02-15 05:52:10,329 Epoch: [1/15] Iter:[190/195], Time: 0.20, lr: [0.0008807183834680645], Loss: 0.085047, Acc:0.594852, Semantic loss: 0.001096, BCE loss: 0.083736, SB loss: 0.000215
2023-02-15 05:53:05,891 0 [0.         0.99957712] 0.4997885618487322
2023-02-15 05:53:05,892 1 [0.         0.99999999] 0.49999999390127703
2023-02-15 05:53:05,899 => saving checkpoint to output/cityscapes/pidnet_small_cityscapescheckpoint.pth.tar
2023-02-15 05:53:06,219 Loss: 0.058, MeanIU:  0.5000, Best_mIoU:  0.5000
2023-02-15 05:53:06,220 [0.         0.99999999]
2023-02-15 05:53:07,497 Epoch: [2/15] Iter:[0/195], Time: 1.27, lr: [0.0008791579019367991], Loss: 0.220193, Acc:0.777692, Semantic loss: 0.003195, BCE loss: 0.216943, SB loss: 0.000054
2023-02-15 05:53:10,009 Epoch: [2/15] Iter:[10/195], Time: 0.34, lr: [0.0008760360147514833], Loss: 0.083339, Acc:0.588775, Semantic loss: 0.000816, BCE loss: 0.082509, SB loss: 0.000014
2023-02-15 05:53:11,609 Epoch: [2/15] Iter:[20/195], Time: 0.26, lr: [0.0008729128909269457], Loss: 0.072298, Acc:0.584248, Semantic loss: 0.000799, BCE loss: 0.071462, SB loss: 0.000037
2023-02-15 05:53:13,182 Epoch: [2/15] Iter:[30/195], Time: 0.22, lr: [0.0008697885250533225], Loss: 0.066858, Acc:0.576037, Semantic loss: 0.000689, BCE loss: 0.066140, SB loss: 0.000029
2023-02-15 05:53:14,780 Epoch: [2/15] Iter:[40/195], Time: 0.21, lr: [0.000866662911675388], Loss: 0.065032, Acc:0.576845, Semantic loss: 0.000620, BCE loss: 0.064386, SB loss: 0.000027
2023-02-15 05:53:16,547 Epoch: [2/15] Iter:[50/195], Time: 0.20, lr: [0.0008635360452919917], Loss: 0.064591, Acc:0.580967, Semantic loss: 0.000637, BCE loss: 0.063930, SB loss: 0.000024
2023-02-15 05:53:18,247 Epoch: [2/15] Iter:[60/195], Time: 0.20, lr: [0.0008604079203554843], Loss: 0.061656, Acc:0.591243, Semantic loss: 0.000651, BCE loss: 0.060979, SB loss: 0.000026
2023-02-15 05:53:19,795 Epoch: [2/15] Iter:[70/195], Time: 0.19, lr: [0.0008572785312711361], Loss: 0.063997, Acc:0.589364, Semantic loss: 0.000599, BCE loss: 0.063363, SB loss: 0.000036
2023-02-15 05:53:21,423 Epoch: [2/15] Iter:[80/195], Time: 0.19, lr: [0.0008541478723965439], Loss: 0.065020, Acc:0.587774, Semantic loss: 0.000573, BCE loss: 0.064414, SB loss: 0.000033
2023-02-15 05:53:23,067 Epoch: [2/15] Iter:[90/195], Time: 0.18, lr: [0.0008510159380410296], Loss: 0.065528, Acc:0.599545, Semantic loss: 0.000631, BCE loss: 0.064865, SB loss: 0.000032
2023-02-15 05:53:25,156 Epoch: [2/15] Iter:[100/195], Time: 0.19, lr: [0.0008478827224650276], Loss: 0.064795, Acc:0.594292, Semantic loss: 0.000594, BCE loss: 0.064171, SB loss: 0.000030
2023-02-15 05:53:27,466 Epoch: [2/15] Iter:[110/195], Time: 0.19, lr: [0.0008447482198794624], Loss: 0.065465, Acc:0.603992, Semantic loss: 0.000612, BCE loss: 0.064824, SB loss: 0.000029
2023-02-15 05:53:29,826 Epoch: [2/15] Iter:[120/195], Time: 0.20, lr: [0.0008416124244451155], Loss: 0.064600, Acc:0.608078, Semantic loss: 0.000610, BCE loss: 0.063962, SB loss: 0.000028
2023-02-15 05:53:32,157 Epoch: [2/15] Iter:[130/195], Time: 0.20, lr: [0.000838475330271982], Loss: 0.068465, Acc:0.612200, Semantic loss: 0.000637, BCE loss: 0.067800, SB loss: 0.000027
2023-02-15 05:53:34,444 Epoch: [2/15] Iter:[140/195], Time: 0.20, lr: [0.0008353369314186149], Loss: 0.068570, Acc:0.618265, Semantic loss: 0.000660, BCE loss: 0.067874, SB loss: 0.000036
2023-02-15 05:53:36,560 Epoch: [2/15] Iter:[150/195], Time: 0.20, lr: [0.0008321972218914601], Loss: 0.073492, Acc:0.616705, Semantic loss: 0.000652, BCE loss: 0.072806, SB loss: 0.000034
2023-02-15 05:53:38,848 Epoch: [2/15] Iter:[160/195], Time: 0.20, lr: [0.0008290561956441783], Loss: 0.072315, Acc:0.613260, Semantic loss: 0.000628, BCE loss: 0.071655, SB loss: 0.000033
2023-02-15 05:53:41,127 Epoch: [2/15] Iter:[170/195], Time: 0.20, lr: [0.0008259138465769564], Loss: 0.071683, Acc:0.614992, Semantic loss: 0.000625, BCE loss: 0.071025, SB loss: 0.000033
2023-02-15 05:53:43,554 Epoch: [2/15] Iter:[180/195], Time: 0.21, lr: [0.0008227701685358057], Loss: 0.071486, Acc:0.611809, Semantic loss: 0.000612, BCE loss: 0.070840, SB loss: 0.000033
2023-02-15 05:53:45,486 Epoch: [2/15] Iter:[190/195], Time: 0.21, lr: [0.0008196251553118496], Loss: 0.069833, Acc:0.608762, Semantic loss: 0.000592, BCE loss: 0.069206, SB loss: 0.000035
2023-02-15 05:54:41,160 0 [0.         0.99978372] 0.4998918620183688
2023-02-15 05:54:41,161 1 [0. 1.] 0.5
2023-02-15 05:54:41,168 => saving checkpoint to output/cityscapes/pidnet_small_cityscapescheckpoint.pth.tar
2023-02-15 05:54:41,398 Loss: 0.047, MeanIU:  0.5000, Best_mIoU:  0.5000
2023-02-15 05:54:41,398 [0. 1.]
2023-02-15 05:54:42,791 Epoch: [3/15] Iter:[0/195], Time: 1.36, lr: [0.0008180521460508585], Loss: 0.033804, Acc:0.493884, Semantic loss: 0.000083, BCE loss: 0.033717, SB loss: 0.000003
2023-02-15 05:54:45,191 Epoch: [3/15] Iter:[10/195], Time: 0.34, lr: [0.000814905118289192], Loss: 0.087969, Acc:0.691717, Semantic loss: 0.001116, BCE loss: 0.086843, SB loss: 0.000009
2023-02-15 05:54:47,695 Epoch: [3/15] Iter:[20/195], Time: 0.30, lr: [0.0008117567395775963], Loss: 0.079977, Acc:0.633967, Semantic loss: 0.000785, BCE loss: 0.079183, SB loss: 0.000008
2023-02-15 05:54:49,666 Epoch: [3/15] Iter:[30/195], Time: 0.27, lr: [0.0008086070035092851], Loss: 0.070564, Acc:0.638242, Semantic loss: 0.000641, BCE loss: 0.069916, SB loss: 0.000007
2023-02-15 05:54:51,344 Epoch: [3/15] Iter:[40/195], Time: 0.24, lr: [0.0008054559036192156], Loss: 0.066820, Acc:0.626141, Semantic loss: 0.000544, BCE loss: 0.066269, SB loss: 0.000007
2023-02-15 05:54:52,928 Epoch: [3/15] Iter:[50/195], Time: 0.23, lr: [0.0008023034333833025], Loss: 0.066771, Acc:0.633922, Semantic loss: 0.000655, BCE loss: 0.066107, SB loss: 0.000008
2023-02-15 05:54:54,524 Epoch: [3/15] Iter:[60/195], Time: 0.21, lr: [0.0007991495862176197], Loss: 0.064199, Acc:0.626300, Semantic loss: 0.000601, BCE loss: 0.063586, SB loss: 0.000012
2023-02-15 05:54:56,068 Epoch: [3/15] Iter:[70/195], Time: 0.21, lr: [0.000795994355477585], Loss: 0.063542, Acc:0.624680, Semantic loss: 0.000553, BCE loss: 0.062979, SB loss: 0.000010
2023-02-15 05:54:57,659 Epoch: [3/15] Iter:[80/195], Time: 0.20, lr: [0.000792837734457133], Loss: 0.064386, Acc:0.624044, Semantic loss: 0.000592, BCE loss: 0.063782, SB loss: 0.000011
2023-02-15 05:54:59,432 Epoch: [3/15] Iter:[90/195], Time: 0.20, lr: [0.0007896797163878707], Loss: 0.063759, Acc:0.620492, Semantic loss: 0.000582, BCE loss: 0.063166, SB loss: 0.000011
2023-02-15 05:55:01,083 Epoch: [3/15] Iter:[100/195], Time: 0.19, lr: [0.0007865202944382189], Loss: 0.067801, Acc:0.626479, Semantic loss: 0.000580, BCE loss: 0.067209, SB loss: 0.000012
2023-02-15 05:55:02,626 Epoch: [3/15] Iter:[110/195], Time: 0.19, lr: [0.0007833594617125372], Loss: 0.067879, Acc:0.618779, Semantic loss: 0.000553, BCE loss: 0.067313, SB loss: 0.000013
2023-02-15 05:55:04,292 Epoch: [3/15] Iter:[120/195], Time: 0.19, lr: [0.0007801972112502337], Loss: 0.065726, Acc:0.617083, Semantic loss: 0.000545, BCE loss: 0.065168, SB loss: 0.000013
2023-02-15 05:55:06,486 Epoch: [3/15] Iter:[130/195], Time: 0.19, lr: [0.0007770335360248573], Loss: 0.065261, Acc:0.615520, Semantic loss: 0.000566, BCE loss: 0.064682, SB loss: 0.000014
2023-02-15 05:55:08,809 Epoch: [3/15] Iter:[140/195], Time: 0.19, lr: [0.0007738684289431742], Loss: 0.063976, Acc:0.610249, Semantic loss: 0.000542, BCE loss: 0.063418, SB loss: 0.000016
2023-02-15 05:55:11,200 Epoch: [3/15] Iter:[150/195], Time: 0.20, lr: [0.0007707018828442263], Loss: 0.062699, Acc:0.607808, Semantic loss: 0.000533, BCE loss: 0.062151, SB loss: 0.000015
2023-02-15 05:55:13,662 Epoch: [3/15] Iter:[160/195], Time: 0.20, lr: [0.0007675338904983723], Loss: 0.061108, Acc:0.599638, Semantic loss: 0.000518, BCE loss: 0.060576, SB loss: 0.000015
2023-02-15 05:55:16,057 Epoch: [3/15] Iter:[170/195], Time: 0.20, lr: [0.0007643644446063112], Loss: 0.062117, Acc:0.604723, Semantic loss: 0.000553, BCE loss: 0.061549, SB loss: 0.000014
2023-02-15 05:55:18,057 Epoch: [3/15] Iter:[180/195], Time: 0.20, lr: [0.000761193537798086], Loss: 0.061143, Acc:0.600975, Semantic loss: 0.000541, BCE loss: 0.060588, SB loss: 0.000014
2023-02-15 05:55:20,161 Epoch: [3/15] Iter:[190/195], Time: 0.20, lr: [0.0007580211626320707], Loss: 0.061934, Acc:0.600290, Semantic loss: 0.000530, BCE loss: 0.061391, SB loss: 0.000013
2023-02-15 05:56:16,606 0 [0.         0.99926637] 0.4996331846836696
2023-02-15 05:56:16,607 1 [0. 1.] 0.5
2023-02-15 05:56:16,612 => saving checkpoint to output/cityscapes/pidnet_small_cityscapescheckpoint.pth.tar
2023-02-15 05:56:16,844 Loss: 0.046, MeanIU:  0.5000, Best_mIoU:  0.5000
2023-02-15 05:56:16,844 [0. 1.]
2023-02-15 05:56:18,086 Epoch: [4/15] Iter:[0/195], Time: 1.24, lr: [0.0007564344220695323], Loss: 0.057600, Acc:0.696637, Semantic loss: 0.000230, BCE loss: 0.057367, SB loss: 0.000002
2023-02-15 05:56:20,466 Epoch: [4/15] Iter:[10/195], Time: 0.33, lr: [0.000753259830254456], Loss: 0.052230, Acc:0.595087, Semantic loss: 0.000696, BCE loss: 0.051524, SB loss: 0.000010
2023-02-15 05:56:22,776 Epoch: [4/15] Iter:[20/195], Time: 0.28, lr: [0.0007500837511571366], Loss: 0.049450, Acc:0.571250, Semantic loss: 0.000493, BCE loss: 0.048942, SB loss: 0.000015
2023-02-15 05:56:25,172 Epoch: [4/15] Iter:[30/195], Time: 0.27, lr: [0.000746906177076833], Loss: 0.059989, Acc:0.590371, Semantic loss: 0.000420, BCE loss: 0.059557, SB loss: 0.000012
2023-02-15 05:56:27,398 Epoch: [4/15] Iter:[40/195], Time: 0.26, lr: [0.0007437271002363234], Loss: 0.058632, Acc:0.598099, Semantic loss: 0.000395, BCE loss: 0.058224, SB loss: 0.000013
2023-02-15 05:56:29,249 Epoch: [4/15] Iter:[50/195], Time: 0.24, lr: [0.0007405465127807797], Loss: 0.055728, Acc:0.587952, Semantic loss: 0.000371, BCE loss: 0.055343, SB loss: 0.000014
2023-02-15 05:56:30,829 Epoch: [4/15] Iter:[60/195], Time: 0.23, lr: [0.0007373644067766182], Loss: 0.058448, Acc:0.590471, Semantic loss: 0.000419, BCE loss: 0.058015, SB loss: 0.000014
2023-02-15 05:56:32,404 Epoch: [4/15] Iter:[70/195], Time: 0.22, lr: [0.0007341807742103285], Loss: 0.056964, Acc:0.583350, Semantic loss: 0.000385, BCE loss: 0.056566, SB loss: 0.000013
2023-02-15 05:56:33,946 Epoch: [4/15] Iter:[80/195], Time: 0.21, lr: [0.0007309956069872792], Loss: 0.056138, Acc:0.594478, Semantic loss: 0.000388, BCE loss: 0.055738, SB loss: 0.000012
2023-02-15 05:56:35,559 Epoch: [4/15] Iter:[90/195], Time: 0.21, lr: [0.0007278088969305], Loss: 0.055602, Acc:0.597050, Semantic loss: 0.000394, BCE loss: 0.055196, SB loss: 0.000012
2023-02-15 05:56:37,179 Epoch: [4/15] Iter:[100/195], Time: 0.20, lr: [0.0007246206357794386], Loss: 0.053789, Acc:0.599975, Semantic loss: 0.000387, BCE loss: 0.053390, SB loss: 0.000012
2023-02-15 05:56:38,864 Epoch: [4/15] Iter:[110/195], Time: 0.20, lr: [0.0007214308151886939], Loss: 0.057313, Acc:0.603214, Semantic loss: 0.000397, BCE loss: 0.056902, SB loss: 0.000014
2023-02-15 05:56:40,449 Epoch: [4/15] Iter:[120/195], Time: 0.20, lr: [0.000718239426726723], Loss: 0.057579, Acc:0.607881, Semantic loss: 0.000392, BCE loss: 0.057174, SB loss: 0.000014
2023-02-15 05:56:42,033 Epoch: [4/15] Iter:[130/195], Time: 0.19, lr: [0.0007150464618745225], Loss: 0.058291, Acc:0.612979, Semantic loss: 0.000438, BCE loss: 0.057839, SB loss: 0.000014
2023-02-15 05:56:43,998 Epoch: [4/15] Iter:[140/195], Time: 0.19, lr: [0.0007118519120242815], Loss: 0.058534, Acc:0.615907, Semantic loss: 0.000436, BCE loss: 0.058084, SB loss: 0.000014
2023-02-15 05:56:45,796 Epoch: [4/15] Iter:[150/195], Time: 0.19, lr: [0.0007086557684780095], Loss: 0.056612, Acc:0.608465, Semantic loss: 0.000422, BCE loss: 0.056177, SB loss: 0.000013
2023-02-15 05:56:47,932 Epoch: [4/15] Iter:[160/195], Time: 0.19, lr: [0.000705458022446134], Loss: 0.056218, Acc:0.607767, Semantic loss: 0.000409, BCE loss: 0.055796, SB loss: 0.000013
2023-02-15 05:56:49,777 Epoch: [4/15] Iter:[170/195], Time: 0.19, lr: [0.0007022586650460697], Loss: 0.056696, Acc:0.610887, Semantic loss: 0.000406, BCE loss: 0.056276, SB loss: 0.000014
2023-02-15 05:56:51,743 Epoch: [4/15] Iter:[180/195], Time: 0.19, lr: [0.0006990576873007591], Loss: 0.057289, Acc:0.610699, Semantic loss: 0.000396, BCE loss: 0.056879, SB loss: 0.000014
2023-02-15 05:56:53,857 Epoch: [4/15] Iter:[190/195], Time: 0.19, lr: [0.0006958550801371802], Loss: 0.056120, Acc:0.604489, Semantic loss: 0.000383, BCE loss: 0.055724, SB loss: 0.000014
2023-02-15 05:57:49,634 0 [0.         0.99985517] 0.4999275868128362
2023-02-15 05:57:49,634 1 [0.         0.99999999] 0.4999999954259578
2023-02-15 05:57:49,640 => saving checkpoint to output/cityscapes/pidnet_small_cityscapescheckpoint.pth.tar
2023-02-15 05:57:49,918 Loss: 0.041, MeanIU:  0.5000, Best_mIoU:  0.5000
2023-02-15 05:57:49,918 [0.         0.99999999]
2023-02-15 05:57:50,945 Epoch: [5/15] Iter:[0/195], Time: 1.02, lr: [0.0006942531626616071], Loss: 0.022461, Acc:0.330643, Semantic loss: 0.000143, BCE loss: 0.022316, SB loss: 0.000001
2023-02-15 05:57:53,735 Epoch: [5/15] Iter:[10/195], Time: 0.35, lr: [0.0006910480941450366], Loss: 0.042988, Acc:0.529253, Semantic loss: 0.000148, BCE loss: 0.042838, SB loss: 0.000002
2023-02-15 05:57:56,063 Epoch: [5/15] Iter:[20/195], Time: 0.29, lr: [0.0006878413730977352], Loss: 0.042112, Acc:0.579648, Semantic loss: 0.000239, BCE loss: 0.041866, SB loss: 0.000006
2023-02-15 05:57:58,323 Epoch: [5/15] Iter:[30/195], Time: 0.27, lr: [0.0006846329900986094], Loss: 0.052255, Acc:0.604138, Semantic loss: 0.000273, BCE loss: 0.051974, SB loss: 0.000008
2023-02-15 05:58:00,828 Epoch: [5/15] Iter:[40/195], Time: 0.27, lr: [0.0006814229356234945], Loss: 0.049872, Acc:0.630961, Semantic loss: 0.000400, BCE loss: 0.049464, SB loss: 0.000007
2023-02-15 05:58:03,334 Epoch: [5/15] Iter:[50/195], Time: 0.26, lr: [0.0006782112000434803], Loss: 0.054479, Acc:0.632236, Semantic loss: 0.000389, BCE loss: 0.054082, SB loss: 0.000008
2023-02-15 05:58:05,651 Epoch: [5/15] Iter:[60/195], Time: 0.26, lr: [0.0006749977736232032], Loss: 0.054643, Acc:0.628144, Semantic loss: 0.000379, BCE loss: 0.054254, SB loss: 0.000010
2023-02-15 05:58:07,868 Epoch: [5/15] Iter:[70/195], Time: 0.25, lr: [0.0006717826465190985], Loss: 0.052987, Acc:0.618365, Semantic loss: 0.000376, BCE loss: 0.052601, SB loss: 0.000010
2023-02-15 05:58:09,777 Epoch: [5/15] Iter:[80/195], Time: 0.24, lr: [0.0006685658087776157], Loss: 0.050068, Acc:0.610810, Semantic loss: 0.000363, BCE loss: 0.049694, SB loss: 0.000010
2023-02-15 05:58:11,534 Epoch: [5/15] Iter:[90/195], Time: 0.24, lr: [0.0006653472503333956], Loss: 0.050866, Acc:0.610172, Semantic loss: 0.000362, BCE loss: 0.050494, SB loss: 0.000010
2023-02-15 05:58:13,161 Epoch: [5/15] Iter:[100/195], Time: 0.23, lr: [0.000662126961007405], Loss: 0.050362, Acc:0.608305, Semantic loss: 0.000343, BCE loss: 0.050010, SB loss: 0.000009
2023-02-15 05:58:14,744 Epoch: [5/15] Iter:[110/195], Time: 0.22, lr: [0.0006589049305050326], Loss: 0.049511, Acc:0.602029, Semantic loss: 0.000344, BCE loss: 0.049157, SB loss: 0.000010
2023-02-15 05:58:16,378 Epoch: [5/15] Iter:[120/195], Time: 0.22, lr: [0.0006556811484141403], Loss: 0.050520, Acc:0.608839, Semantic loss: 0.000372, BCE loss: 0.050133, SB loss: 0.000014
2023-02-15 05:58:17,922 Epoch: [5/15] Iter:[130/195], Time: 0.21, lr: [0.0006524556042030723], Loss: 0.052889, Acc:0.611613, Semantic loss: 0.000377, BCE loss: 0.052498, SB loss: 0.000014
2023-02-15 05:58:19,474 Epoch: [5/15] Iter:[140/195], Time: 0.21, lr: [0.0006492282872186182], Loss: 0.052048, Acc:0.606914, Semantic loss: 0.000360, BCE loss: 0.051675, SB loss: 0.000013
2023-02-15 05:58:21,014 Epoch: [5/15] Iter:[150/195], Time: 0.21, lr: [0.0006459991866839309], Loss: 0.051236, Acc:0.603538, Semantic loss: 0.000363, BCE loss: 0.050861, SB loss: 0.000013
2023-02-15 05:58:22,673 Epoch: [5/15] Iter:[160/195], Time: 0.20, lr: [0.0006427682916963969], Loss: 0.051441, Acc:0.598589, Semantic loss: 0.000353, BCE loss: 0.051076, SB loss: 0.000013
2023-02-15 05:58:24,657 Epoch: [5/15] Iter:[170/195], Time: 0.20, lr: [0.0006395355912254569], Loss: 0.050623, Acc:0.596918, Semantic loss: 0.000343, BCE loss: 0.050267, SB loss: 0.000013
2023-02-15 05:58:26,987 Epoch: [5/15] Iter:[180/195], Time: 0.20, lr: [0.0006363010741103774], Loss: 0.050775, Acc:0.592833, Semantic loss: 0.000341, BCE loss: 0.050421, SB loss: 0.000013
2023-02-15 05:58:28,983 Epoch: [5/15] Iter:[190/195], Time: 0.20, lr: [0.0006330647290579698], Loss: 0.050047, Acc:0.593762, Semantic loss: 0.000331, BCE loss: 0.049703, SB loss: 0.000013
2023-02-15 05:59:24,473 0 [0.         0.99915762] 0.49957880846968444
2023-02-15 05:59:24,474 1 [0. 1.] 0.5
2023-02-15 05:59:24,475 NaN or Inf found in input tensor.
2023-02-15 05:59:24,480 => saving checkpoint to output/cityscapes/pidnet_small_cityscapescheckpoint.pth.tar
2023-02-15 05:59:24,760 Loss: nan, MeanIU:  0.5000, Best_mIoU:  0.5000
2023-02-15 05:59:24,760 [0. 1.]
2023-02-15 05:59:26,166 Epoch: [6/15] Iter:[0/195], Time: 1.40, lr: [0.0006314458674893553], Loss: 0.061396, Acc:0.529381, Semantic loss: 0.000038, BCE loss: 0.061356, SB loss: 0.000001
2023-02-15 05:59:28,539 Epoch: [6/15] Iter:[10/195], Time: 0.34, lr: [0.0006282067590607254], Loss: 0.059882, Acc:0.589197, Semantic loss: 0.000335, BCE loss: 0.059490, SB loss: 0.000057
2023-02-15 05:59:30,861 Epoch: [6/15] Iter:[20/195], Time: 0.29, lr: [0.0006249657938668556], Loss: 0.058415, Acc:0.586310, Semantic loss: 0.000327, BCE loss: 0.058056, SB loss: 0.000032
2023-02-15 05:59:33,090 Epoch: [6/15] Iter:[30/195], Time: 0.27, lr: [0.0006217229601322241], Loss: 0.050904, Acc:0.572558, Semantic loss: 0.000264, BCE loss: 0.050618, SB loss: 0.000022
2023-02-15 05:59:35,460 Epoch: [6/15] Iter:[40/195], Time: 0.26, lr: [0.0006184782459379108], Loss: 0.048391, Acc:0.582146, Semantic loss: 0.000243, BCE loss: 0.048127, SB loss: 0.000020
2023-02-15 05:59:37,729 Epoch: [6/15] Iter:[50/195], Time: 0.25, lr: [0.0006152316392190049], Loss: 0.052188, Acc:0.575100, Semantic loss: 0.000227, BCE loss: 0.051944, SB loss: 0.000017
2023-02-15 05:59:39,655 Epoch: [6/15] Iter:[60/195], Time: 0.24, lr: [0.0006119831277619495], Loss: 0.058879, Acc:0.574365, Semantic loss: 0.000239, BCE loss: 0.058624, SB loss: 0.000017
2023-02-15 05:59:41,963 Epoch: [6/15] Iter:[70/195], Time: 0.24, lr: [0.0006087326992018217], Loss: 0.055738, Acc:0.574793, Semantic loss: 0.000234, BCE loss: 0.055488, SB loss: 0.000015
2023-02-15 05:59:44,254 Epoch: [6/15] Iter:[80/195], Time: 0.24, lr: [0.0006054803410195476], Loss: 0.054408, Acc:0.571609, Semantic loss: 0.000246, BCE loss: 0.054149, SB loss: 0.000014
2023-02-15 05:59:46,549 Epoch: [6/15] Iter:[90/195], Time: 0.24, lr: [0.0006022260405390482], Loss: 0.054171, Acc:0.578702, Semantic loss: 0.000249, BCE loss: 0.053909, SB loss: 0.000013
2023-02-15 05:59:48,613 Epoch: [6/15] Iter:[100/195], Time: 0.24, lr: [0.0005989697849243148], Loss: 0.054145, Acc:0.587180, Semantic loss: 0.000253, BCE loss: 0.053880, SB loss: 0.000012
2023-02-15 05:59:50,244 Epoch: [6/15] Iter:[110/195], Time: 0.23, lr: [0.0005957115611764131], Loss: 0.053010, Acc:0.591580, Semantic loss: 0.000260, BCE loss: 0.052738, SB loss: 0.000012
2023-02-15 05:59:51,801 Epoch: [6/15] Iter:[120/195], Time: 0.22, lr: [0.0005924513561304115], Loss: 0.051352, Acc:0.593194, Semantic loss: 0.000258, BCE loss: 0.051083, SB loss: 0.000011
2023-02-15 05:59:53,390 Epoch: [6/15] Iter:[130/195], Time: 0.22, lr: [0.0005891891564522327], Loss: 0.051224, Acc:0.596626, Semantic loss: 0.000260, BCE loss: 0.050953, SB loss: 0.000011
2023-02-15 05:59:55,017 Epoch: [6/15] Iter:[140/195], Time: 0.21, lr: [0.0005859249486354256], Loss: 0.050973, Acc:0.592971, Semantic loss: 0.000253, BCE loss: 0.050709, SB loss: 0.000011
2023-02-15 05:59:56,594 Epoch: [6/15] Iter:[150/195], Time: 0.21, lr: [0.000582658718997856], Loss: 0.053489, Acc:0.596493, Semantic loss: 0.000279, BCE loss: 0.053199, SB loss: 0.000011
2023-02-15 05:59:58,190 Epoch: [6/15] Iter:[160/195], Time: 0.21, lr: [0.0005793904536783121], Loss: 0.054084, Acc:0.596048, Semantic loss: 0.000282, BCE loss: 0.053792, SB loss: 0.000011
2023-02-15 05:59:59,853 Epoch: [6/15] Iter:[170/195], Time: 0.21, lr: [0.0005761201386330222], Loss: 0.052403, Acc:0.587555, Semantic loss: 0.000272, BCE loss: 0.052120, SB loss: 0.000011
2023-02-15 06:00:01,430 Epoch: [6/15] Iter:[180/195], Time: 0.20, lr: [0.0005728477596320837], Loss: 0.052272, Acc:0.589328, Semantic loss: 0.000275, BCE loss: 0.051986, SB loss: 0.000011
2023-02-15 06:00:03,175 Epoch: [6/15] Iter:[190/195], Time: 0.20, lr: [0.0005695733022557981], Loss: 0.052756, Acc:0.591579, Semantic loss: 0.000273, BCE loss: 0.052471, SB loss: 0.000011
2023-02-15 06:00:59,089 0 [0.         0.99950777] 0.4997538860346154
2023-02-15 06:00:59,090 1 [0. 1.] 0.5
2023-02-15 06:00:59,090 NaN or Inf found in input tensor.
2023-02-15 06:00:59,095 => saving checkpoint to output/cityscapes/pidnet_small_cityscapescheckpoint.pth.tar
2023-02-15 06:00:59,341 Loss: nan, MeanIU:  0.5000, Best_mIoU:  0.5000
2023-02-15 06:00:59,341 [0. 1.]
2023-02-15 06:01:00,542 Epoch: [7/15] Iter:[0/195], Time: 1.20, lr: [0.0005679352896179233], Loss: 0.013618, Acc:0.358333, Semantic loss: 0.000038, BCE loss: 0.013580, SB loss: 0.000000
2023-02-15 06:01:02,817 Epoch: [7/15] Iter:[10/195], Time: 0.32, lr: [0.0005646576872172233], Loss: 0.033148, Acc:0.536595, Semantic loss: 0.000221, BCE loss: 0.032920, SB loss: 0.000007
2023-02-15 06:01:05,050 Epoch: [7/15] Iter:[20/195], Time: 0.27, lr: [0.0005613779695366464], Loss: 0.037999, Acc:0.530258, Semantic loss: 0.000258, BCE loss: 0.037731, SB loss: 0.000009
2023-02-15 06:01:07,048 Epoch: [7/15] Iter:[30/195], Time: 0.25, lr: [0.000558096121461932], Loss: 0.036817, Acc:0.542825, Semantic loss: 0.000249, BCE loss: 0.036553, SB loss: 0.000014
2023-02-15 06:01:09,262 Epoch: [7/15] Iter:[40/195], Time: 0.24, lr: [0.0005548121276712969], Loss: 0.037910, Acc:0.548498, Semantic loss: 0.000217, BCE loss: 0.037681, SB loss: 0.000012
2023-02-15 06:01:11,690 Epoch: [7/15] Iter:[50/195], Time: 0.24, lr: [0.0005515259726312016], Loss: 0.041538, Acc:0.565094, Semantic loss: 0.000214, BCE loss: 0.041314, SB loss: 0.000010
2023-02-15 06:01:13,739 Epoch: [7/15] Iter:[60/195], Time: 0.24, lr: [0.000548237640592], Loss: 0.042984, Acc:0.573959, Semantic loss: 0.000230, BCE loss: 0.042742, SB loss: 0.000013
2023-02-15 06:01:16,013 Epoch: [7/15] Iter:[70/195], Time: 0.23, lr: [0.0005449471155834742], Loss: 0.043416, Acc:0.574003, Semantic loss: 0.000237, BCE loss: 0.043168, SB loss: 0.000012
2023-02-15 06:01:18,284 Epoch: [7/15] Iter:[80/195], Time: 0.23, lr: [0.0005416543814102407], Loss: 0.043776, Acc:0.583561, Semantic loss: 0.000264, BCE loss: 0.043502, SB loss: 0.000011
2023-02-15 06:01:20,580 Epoch: [7/15] Iter:[90/195], Time: 0.23, lr: [0.0005383594216470346], Loss: 0.045066, Acc:0.581351, Semantic loss: 0.000245, BCE loss: 0.044811, SB loss: 0.000010
2023-02-15 06:01:22,880 Epoch: [7/15] Iter:[100/195], Time: 0.23, lr: [0.0005350622196338595], Loss: 0.045968, Acc:0.585747, Semantic loss: 0.000243, BCE loss: 0.045716, SB loss: 0.000009
2023-02-15 06:01:25,218 Epoch: [7/15] Iter:[110/195], Time: 0.23, lr: [0.0005317627584710004], Loss: 0.046502, Acc:0.587044, Semantic loss: 0.000232, BCE loss: 0.046261, SB loss: 0.000009
2023-02-15 06:01:27,798 Epoch: [7/15] Iter:[120/195], Time: 0.24, lr: [0.0005284610210138987], Loss: 0.049147, Acc:0.593654, Semantic loss: 0.000234, BCE loss: 0.048905, SB loss: 0.000009
2023-02-15 06:01:29,646 Epoch: [7/15] Iter:[130/195], Time: 0.23, lr: [0.0005251569898678777], Loss: 0.049572, Acc:0.597491, Semantic loss: 0.000228, BCE loss: 0.049335, SB loss: 0.000009
2023-02-15 06:01:31,247 Epoch: [7/15] Iter:[140/195], Time: 0.23, lr: [0.0005218506473827191], Loss: 0.048636, Acc:0.596447, Semantic loss: 0.000223, BCE loss: 0.048405, SB loss: 0.000008
2023-02-15 06:01:32,790 Epoch: [7/15] Iter:[150/195], Time: 0.22, lr: [0.0005185419756470816], Loss: 0.049010, Acc:0.598748, Semantic loss: 0.000225, BCE loss: 0.048777, SB loss: 0.000008
2023-02-15 06:01:34,328 Epoch: [7/15] Iter:[160/195], Time: 0.22, lr: [0.000515230956482759], Loss: 0.048424, Acc:0.598686, Semantic loss: 0.000230, BCE loss: 0.048187, SB loss: 0.000008
2023-02-15 06:01:35,967 Epoch: [7/15] Iter:[170/195], Time: 0.21, lr: [0.0005119175714387668], Loss: 0.048043, Acc:0.600940, Semantic loss: 0.000228, BCE loss: 0.047807, SB loss: 0.000008
2023-02-15 06:01:37,558 Epoch: [7/15] Iter:[180/195], Time: 0.21, lr: [0.0005086018017852581], Loss: 0.047576, Acc:0.599722, Semantic loss: 0.000223, BCE loss: 0.047341, SB loss: 0.000013
2023-02-15 06:01:39,125 Epoch: [7/15] Iter:[190/195], Time: 0.21, lr: [0.0005052836285072553], Loss: 0.047502, Acc:0.601147, Semantic loss: 0.000220, BCE loss: 0.047270, SB loss: 0.000012
2023-02-15 06:02:34,161 0 [0.         0.99904494] 0.49952247151626505
2023-02-15 06:02:34,162 1 [0. 1.] 0.5
2023-02-15 06:02:34,167 => saving checkpoint to output/cityscapes/pidnet_small_cityscapescheckpoint.pth.tar
2023-02-15 06:02:34,524 Loss: 0.041, MeanIU:  0.5000, Best_mIoU:  0.5000
2023-02-15 06:02:34,525 [0. 1.]
2023-02-15 06:02:35,617 Epoch: [8/15] Iter:[0/195], Time: 1.09, lr: [0.0005036236344873385], Loss: 0.010453, Acc:0.336898, Semantic loss: 0.000044, BCE loss: 0.010409, SB loss: 0.000000
2023-02-15 06:02:38,135 Epoch: [8/15] Iter:[10/195], Time: 0.33, lr: [0.0005003018194798586], Loss: 0.054750, Acc:0.614758, Semantic loss: 0.000302, BCE loss: 0.054447, SB loss: 0.000002
2023-02-15 06:02:40,411 Epoch: [8/15] Iter:[20/195], Time: 0.28, lr: [0.0004969775520201596], Loss: 0.052428, Acc:0.598463, Semantic loss: 0.000278, BCE loss: 0.052148, SB loss: 0.000003
2023-02-15 06:02:42,569 Epoch: [8/15] Iter:[30/195], Time: 0.26, lr: [0.000493650812043185], Loss: 0.049698, Acc:0.597940, Semantic loss: 0.000276, BCE loss: 0.049418, SB loss: 0.000004
2023-02-15 06:02:44,700 Epoch: [8/15] Iter:[40/195], Time: 0.25, lr: [0.0004903215791681207], Loss: 0.045753, Acc:0.587572, Semantic loss: 0.000238, BCE loss: 0.045509, SB loss: 0.000007
2023-02-15 06:02:46,926 Epoch: [8/15] Iter:[50/195], Time: 0.24, lr: [0.0004869898326910061], Loss: 0.049876, Acc:0.591865, Semantic loss: 0.000253, BCE loss: 0.049616, SB loss: 0.000007
2023-02-15 06:02:49,169 Epoch: [8/15] Iter:[60/195], Time: 0.24, lr: [0.00048365555157711107], Loss: 0.049438, Acc:0.596097, Semantic loss: 0.000267, BCE loss: 0.049163, SB loss: 0.000008
2023-02-15 06:02:51,694 Epoch: [8/15] Iter:[70/195], Time: 0.24, lr: [0.0004803187144530763], Loss: 0.049718, Acc:0.592625, Semantic loss: 0.000250, BCE loss: 0.049460, SB loss: 0.000007
2023-02-15 06:02:53,966 Epoch: [8/15] Iter:[80/195], Time: 0.24, lr: [0.0004769792995988038], Loss: 0.048894, Acc:0.601653, Semantic loss: 0.000244, BCE loss: 0.048643, SB loss: 0.000007
2023-02-15 06:02:56,442 Epoch: [8/15] Iter:[90/195], Time: 0.24, lr: [0.00047363728493908785], Loss: 0.048321, Acc:0.599509, Semantic loss: 0.000231, BCE loss: 0.048083, SB loss: 0.000006
2023-02-15 06:02:58,793 Epoch: [8/15] Iter:[100/195], Time: 0.24, lr: [0.00047029264803497765], Loss: 0.048644, Acc:0.606221, Semantic loss: 0.000235, BCE loss: 0.048403, SB loss: 0.000006
2023-02-15 06:03:01,181 Epoch: [8/15] Iter:[110/195], Time: 0.24, lr: [0.00046694536607485947], Loss: 0.047472, Acc:0.603452, Semantic loss: 0.000231, BCE loss: 0.047235, SB loss: 0.000006
2023-02-15 06:03:03,656 Epoch: [8/15] Iter:[120/195], Time: 0.24, lr: [0.00046359541586524737], Loss: 0.046864, Acc:0.604071, Semantic loss: 0.000231, BCE loss: 0.046626, SB loss: 0.000007
2023-02-15 06:03:05,837 Epoch: [8/15] Iter:[130/195], Time: 0.24, lr: [0.0004602427738212704], Loss: 0.046073, Acc:0.600581, Semantic loss: 0.000227, BCE loss: 0.045839, SB loss: 0.000006
2023-02-15 06:03:07,750 Epoch: [8/15] Iter:[140/195], Time: 0.24, lr: [0.000456887415956844], Loss: 0.045283, Acc:0.600411, Semantic loss: 0.000220, BCE loss: 0.045057, SB loss: 0.000006
2023-02-15 06:03:09,207 Epoch: [8/15] Iter:[150/195], Time: 0.23, lr: [0.00045352931787451283], Loss: 0.045225, Acc:0.602963, Semantic loss: 0.000223, BCE loss: 0.044996, SB loss: 0.000006
2023-02-15 06:03:10,861 Epoch: [8/15] Iter:[160/195], Time: 0.23, lr: [0.00045016845475494906], Loss: 0.045048, Acc:0.603425, Semantic loss: 0.000217, BCE loss: 0.044825, SB loss: 0.000006
2023-02-15 06:03:12,504 Epoch: [8/15] Iter:[170/195], Time: 0.22, lr: [0.000446804801346095], Loss: 0.046953, Acc:0.602854, Semantic loss: 0.000217, BCE loss: 0.046730, SB loss: 0.000006
2023-02-15 06:03:14,137 Epoch: [8/15] Iter:[180/195], Time: 0.22, lr: [0.0004434383319519321], Loss: 0.047323, Acc:0.605722, Semantic loss: 0.000221, BCE loss: 0.047096, SB loss: 0.000006
2023-02-15 06:03:15,687 Epoch: [8/15] Iter:[190/195], Time: 0.22, lr: [0.00044006902042086115], Loss: 0.047006, Acc:0.606250, Semantic loss: 0.000222, BCE loss: 0.046778, SB loss: 0.000006
2023-02-15 06:04:08,527 0 [0.         0.99836515] 0.4991825729137551
2023-02-15 06:04:08,527 1 [0. 1.] 0.5
2023-02-15 06:04:08,527 NaN or Inf found in input tensor.
2023-02-15 06:04:08,532 => saving checkpoint to output/cityscapes/pidnet_small_cityscapescheckpoint.pth.tar
2023-02-15 06:04:08,862 Loss: nan, MeanIU:  0.5000, Best_mIoU:  0.5000
2023-02-15 06:04:08,863 [0. 1.]
2023-02-15 06:04:09,402 Epoch: [9/15] Iter:[0/195], Time: 0.54, lr: [0.00043838329055408696], Loss: 0.021068, Acc:0.517738, Semantic loss: 0.000033, BCE loss: 0.021035, SB loss: 0.000000
2023-02-15 06:04:10,707 Epoch: [9/15] Iter:[10/195], Time: 0.17, lr: [0.00043500966575712617], Loss: 0.049725, Acc:0.637149, Semantic loss: 0.000326, BCE loss: 0.049395, SB loss: 0.000004
2023-02-15 06:04:11,904 Epoch: [9/15] Iter:[20/195], Time: 0.14, lr: [0.0004316331313711328], Loss: 0.044088, Acc:0.596408, Semantic loss: 0.000273, BCE loss: 0.043812, SB loss: 0.000003
2023-02-15 06:04:13,076 Epoch: [9/15] Iter:[30/195], Time: 0.14, lr: [0.000428253659552452], Loss: 0.038369, Acc:0.578912, Semantic loss: 0.000240, BCE loss: 0.038127, SB loss: 0.000003
2023-02-15 06:04:14,239 Epoch: [9/15] Iter:[40/195], Time: 0.13, lr: [0.00042487122194427573], Loss: 0.036098, Acc:0.573811, Semantic loss: 0.000215, BCE loss: 0.035881, SB loss: 0.000003
2023-02-15 06:04:15,425 Epoch: [9/15] Iter:[50/195], Time: 0.13, lr: [0.00042148578966255733], Loss: 0.036608, Acc:0.582608, Semantic loss: 0.000307, BCE loss: 0.036297, SB loss: 0.000004
2023-02-15 06:04:16,610 Epoch: [9/15] Iter:[60/195], Time: 0.13, lr: [0.00041809733328141134], Loss: 0.039297, Acc:0.574206, Semantic loss: 0.000279, BCE loss: 0.039013, SB loss: 0.000005
2023-02-15 06:04:17,861 Epoch: [9/15] Iter:[70/195], Time: 0.13, lr: [0.0004147058228179736], Loss: 0.039106, Acc:0.578194, Semantic loss: 0.000258, BCE loss: 0.038843, SB loss: 0.000005
2023-02-15 06:04:19,059 Epoch: [9/15] Iter:[80/195], Time: 0.13, lr: [0.0004113112277166963], Loss: 0.038921, Acc:0.587348, Semantic loss: 0.000245, BCE loss: 0.038670, SB loss: 0.000005
2023-02-15 06:04:20,251 Epoch: [9/15] Iter:[90/195], Time: 0.13, lr: [0.00040791351683305274], Loss: 0.040057, Acc:0.586461, Semantic loss: 0.000238, BCE loss: 0.039814, SB loss: 0.000005
2023-02-15 06:04:21,483 Epoch: [9/15] Iter:[100/195], Time: 0.12, lr: [0.00040451265841662216], Loss: 0.040042, Acc:0.595821, Semantic loss: 0.000253, BCE loss: 0.039783, SB loss: 0.000006
2023-02-15 06:04:22,643 Epoch: [9/15] Iter:[110/195], Time: 0.12, lr: [0.0004011086200935271], Loss: 0.043566, Acc:0.599426, Semantic loss: 0.000542, BCE loss: 0.043018, SB loss: 0.000006
2023-02-15 06:04:23,845 Epoch: [9/15] Iter:[120/195], Time: 0.12, lr: [0.00039770136884819014], Loss: 0.044491, Acc:0.603606, Semantic loss: 0.000516, BCE loss: 0.043969, SB loss: 0.000006
2023-02-15 06:04:25,101 Epoch: [9/15] Iter:[130/195], Time: 0.12, lr: [0.00039429087100437897], Loss: 0.045420, Acc:0.604979, Semantic loss: 0.000491, BCE loss: 0.044923, SB loss: 0.000006
2023-02-15 06:04:26,371 Epoch: [9/15] Iter:[140/195], Time: 0.12, lr: [0.0003908770922055023], Loss: 0.046082, Acc:0.605560, Semantic loss: 0.000483, BCE loss: 0.045592, SB loss: 0.000007
2023-02-15 06:04:27,637 Epoch: [9/15] Iter:[150/195], Time: 0.12, lr: [0.0003874599973941227], Loss: 0.046218, Acc:0.605683, Semantic loss: 0.000478, BCE loss: 0.045734, SB loss: 0.000007
2023-02-15 06:04:28,842 Epoch: [9/15] Iter:[160/195], Time: 0.12, lr: [0.00038403955079064386], Loss: 0.045587, Acc:0.605252, Semantic loss: 0.000457, BCE loss: 0.045124, SB loss: 0.000007
2023-02-15 06:04:30,092 Epoch: [9/15] Iter:[170/195], Time: 0.12, lr: [0.0003806157158711336], Loss: 0.045117, Acc:0.603987, Semantic loss: 0.000441, BCE loss: 0.044670, SB loss: 0.000006
2023-02-15 06:04:31,283 Epoch: [9/15] Iter:[180/195], Time: 0.12, lr: [0.00037718845534423604], Loss: 0.046284, Acc:0.604348, Semantic loss: 0.000429, BCE loss: 0.045848, SB loss: 0.000007
2023-02-15 06:04:32,431 Epoch: [9/15] Iter:[190/195], Time: 0.12, lr: [0.00037375773112712754], Loss: 0.047011, Acc:0.606198, Semantic loss: 0.000422, BCE loss: 0.046582, SB loss: 0.000006
2023-02-15 06:05:05,503 0 [0.         0.99959977] 0.4997998841279228
2023-02-15 06:05:05,504 1 [0. 1.] 0.5
2023-02-15 06:05:05,504 NaN or Inf found in input tensor.
2023-02-15 06:05:05,508 => saving checkpoint to output/cityscapes/pidnet_small_cityscapescheckpoint.pth.tar
2023-02-15 06:05:05,692 Loss: nan, MeanIU:  0.5000, Best_mIoU:  0.5000
2023-02-15 06:05:05,692 [0. 1.]
2023-02-15 06:05:06,222 Epoch: [10/15] Iter:[0/195], Time: 0.53, lr: [0.00037204105801130153], Loss: 0.019309, Acc:0.439829, Semantic loss: 0.000038, BCE loss: 0.019270, SB loss: 0.000000
2023-02-15 06:05:07,500 Epoch: [10/15] Iter:[10/195], Time: 0.16, lr: [0.00036860506506033905], Loss: 0.034778, Acc:0.552704, Semantic loss: 0.000163, BCE loss: 0.034614, SB loss: 0.000001
2023-02-15 06:05:08,694 Epoch: [10/15] Iter:[20/195], Time: 0.14, lr: [0.000365165509582419], Loss: 0.037370, Acc:0.580536, Semantic loss: 0.000215, BCE loss: 0.037137, SB loss: 0.000018
2023-02-15 06:05:09,928 Epoch: [10/15] Iter:[30/195], Time: 0.14, lr: [0.0003617223505202147], Loss: 0.037499, Acc:0.603951, Semantic loss: 0.000248, BCE loss: 0.037234, SB loss: 0.000016
2023-02-15 06:05:11,134 Epoch: [10/15] Iter:[40/195], Time: 0.13, lr: [0.0003582755459034813], Loss: 0.036712, Acc:0.593169, Semantic loss: 0.000231, BCE loss: 0.036468, SB loss: 0.000013
2023-02-15 06:05:12,346 Epoch: [10/15] Iter:[50/195], Time: 0.13, lr: [0.00035482505281876983], Loss: 0.037682, Acc:0.599121, Semantic loss: 0.000248, BCE loss: 0.037422, SB loss: 0.000012
2023-02-15 06:05:13,557 Epoch: [10/15] Iter:[60/195], Time: 0.13, lr: [0.00035137082737779816], Loss: 0.039292, Acc:0.596885, Semantic loss: 0.000236, BCE loss: 0.038996, SB loss: 0.000060
2023-02-15 06:05:14,781 Epoch: [10/15] Iter:[70/195], Time: 0.13, lr: [0.00034791282468440266], Loss: 0.045221, Acc:0.602748, Semantic loss: 0.000233, BCE loss: 0.044936, SB loss: 0.000052
2023-02-15 06:05:16,066 Epoch: [10/15] Iter:[80/195], Time: 0.13, lr: [0.0003444509987999927], Loss: 0.048632, Acc:0.614237, Semantic loss: 0.000279, BCE loss: 0.048304, SB loss: 0.000049
2023-02-15 06:05:17,279 Epoch: [10/15] Iter:[90/195], Time: 0.13, lr: [0.00034098530270742085], Loss: 0.046971, Acc:0.620282, Semantic loss: 0.000282, BCE loss: 0.046646, SB loss: 0.000044
2023-02-15 06:05:18,515 Epoch: [10/15] Iter:[100/195], Time: 0.13, lr: [0.0003375156882731788], Loss: 0.047360, Acc:0.624353, Semantic loss: 0.000281, BCE loss: 0.047039, SB loss: 0.000040
2023-02-15 06:05:19,766 Epoch: [10/15] Iter:[110/195], Time: 0.13, lr: [0.00033404210620781993], Loss: 0.046932, Acc:0.623420, Semantic loss: 0.000276, BCE loss: 0.046619, SB loss: 0.000037
2023-02-15 06:05:21,011 Epoch: [10/15] Iter:[120/195], Time: 0.13, lr: [0.00033056450602450603], Loss: 0.047491, Acc:0.626872, Semantic loss: 0.000297, BCE loss: 0.047160, SB loss: 0.000034
2023-02-15 06:05:22,223 Epoch: [10/15] Iter:[130/195], Time: 0.13, lr: [0.0003270828359955628], Loss: 0.047188, Acc:0.626260, Semantic loss: 0.000294, BCE loss: 0.046860, SB loss: 0.000034
2023-02-15 06:05:23,434 Epoch: [10/15] Iter:[140/195], Time: 0.13, lr: [0.00032359704310692744], Loss: 0.048462, Acc:0.623604, Semantic loss: 0.000298, BCE loss: 0.048132, SB loss: 0.000032
2023-02-15 06:05:24,650 Epoch: [10/15] Iter:[150/195], Time: 0.13, lr: [0.00032010707301035804], Loss: 0.047744, Acc:0.623434, Semantic loss: 0.000288, BCE loss: 0.047426, SB loss: 0.000031
2023-02-15 06:05:25,889 Epoch: [10/15] Iter:[160/195], Time: 0.13, lr: [0.00031661286997326484], Loss: 0.047016, Acc:0.614404, Semantic loss: 0.000278, BCE loss: 0.046709, SB loss: 0.000029
2023-02-15 06:05:27,040 Epoch: [10/15] Iter:[170/195], Time: 0.12, lr: [0.00031311437682601735], Loss: 0.046537, Acc:0.612957, Semantic loss: 0.000276, BCE loss: 0.046232, SB loss: 0.000028
2023-02-15 06:05:28,305 Epoch: [10/15] Iter:[180/195], Time: 0.12, lr: [0.0003096115349065646], Loss: 0.045969, Acc:0.612640, Semantic loss: 0.000268, BCE loss: 0.045674, SB loss: 0.000027
2023-02-15 06:05:29,494 Epoch: [10/15] Iter:[190/195], Time: 0.12, lr: [0.00030610428400219803], Loss: 0.045754, Acc:0.612531, Semantic loss: 0.000261, BCE loss: 0.045468, SB loss: 0.000025
